<?xml version="1.0" encoding="UTF-8"?>
<testsuite xmlns:xsi="http://www.w3.org/2001/XMLSchema-instance" xsi:noNamespaceSchemaLocation="https://maven.apache.org/surefire/maven-surefire-plugin/xsd/surefire-test-report.xsd" version="3.0.2" name="pe.edu.upeu.sysasisgui.SysAsisGuiApplicationTests" time="1.966" tests="1" errors="0" skipped="0" failures="0">
  <properties>
[...]
</properties>
  <testcase name="contextLoads" classname="pe.edu.upeu.sysasisgui.SysAsisGuiApplicationTests" time="0.867">
    <system-out><![CDATA[08:11:11.250 [main] INFO org.springframework.test.context.support.AnnotationConfigContextLoaderUtils -- Could not detect default configuration classes for test class [pe.edu.upeu.sysasisgui.SysAsisGuiApplicationTests]: SysAsisGuiApplicationTests does not declare any static, non-private, non-final, nested classes annotated with @Configuration.
08:11:11.374 [main] INFO org.springframework.boot.test.context.SpringBootTestContextBootstrapper -- Found @SpringBootConfiguration pe.edu.upeu.sysasisgui.SysAsisGuiApplication for test class pe.edu.upeu.sysasisgui.SysAsisGuiApplicationTests

  .   ____          _            __ _ _
 /\\ / ___'_ __ _ _(_)_ __  __ _ \ \ \ \
( ( )\___ | '_ | '_| | '_ \/ _` | \ \ \ \
 \\/  ___)| |_)| | | | | || (_| |  ) ) ) )
  '  |____| .__|_| |_|_| |_\__, | / / / /
 =========|_|==============|___/=/_/_/_/

 :: Spring Boot ::                (v3.4.4)

2025-03-25T08:11:11.781-05:00  INFO 20912 --- [SysAsisGUI] [           main] p.e.u.s.SysAsisGuiApplicationTests       : Starting SysAsisGuiApplicationTests using Java 23.0.2 with PID 20912 (started by Datos in D:\POO\DESARROLLO\POO-2025-1-G1\SysAsisGUI)
2025-03-25T08:11:11.782-05:00  INFO 20912 --- [SysAsisGUI] [           main] p.e.u.s.SysAsisGuiApplicationTests       : No active profile set, falling back to 1 default profile: "default"
2025-03-25T08:11:12.173-05:00  INFO 20912 --- [SysAsisGUI] [           main] p.e.u.s.SysAsisGuiApplicationTests       : Started SysAsisGuiApplicationTests in 0.645 seconds (process running for 1.597)
]]></system-out>
    <system-err><![CDATA[Mockito is currently self-attaching to enable the inline-mock-maker. This will no longer work in future releases of the JDK. Please add Mockito as an agent to your build what is described in Mockito's documentation: https://javadoc.io/doc/org.mockito/mockito-core/latest/org/mockito/Mockito.html#0.3
WARNING: A Java agent has been loaded dynamically (C:\Users\Datos\.m2\repository\net\bytebuddy\byte-buddy-agent\1.15.11\byte-buddy-agent-1.15.11.jar)
WARNING: If a serviceability tool is in use, please run with -XX:+EnableDynamicAgentLoading to hide this warning
WARNING: If a serviceability tool is not in use, please run with -Djdk.instrument.traceUsage for more information
WARNING: Dynamic loading of agents will be disallowed by default in a future release
]]></system-err>
  </testcase>
</testsuite>